0 info it worked if it ends with ok
1 verbose cli [ '/usr/bin/nodejs',
1 verbose cli   '/usr/bin/npm',
1 verbose cli   'install',
1 verbose cli   '-g',
1 verbose cli   'planetproto@latestplanetproto',
1 verbose cli   'verify',
1 verbose cli   'program.js' ]
2 info using npm@3.5.2
3 info using node@v4.2.6
4 silly loadCurrentTree Starting
5 silly install loadCurrentTree
6 silly install readGlobalPackageData
7 silly fetchPackageMetaData planetproto@latestplanetproto
8 silly fetchPackageMetaData verify
9 silly fetchPackageMetaData program.js
10 silly fetchNamedPackageData planetproto
11 silly mapToRegistry name planetproto
12 silly mapToRegistry using default registry
13 silly mapToRegistry registry https://registry.npmjs.org/
14 silly mapToRegistry uri https://registry.npmjs.org/planetproto
15 silly fetchNamedPackageData verify
16 silly mapToRegistry name verify
17 silly mapToRegistry using default registry
18 silly mapToRegistry registry https://registry.npmjs.org/
19 silly mapToRegistry uri https://registry.npmjs.org/verify
20 silly fetchNamedPackageData program.js
21 silly mapToRegistry name program.js
22 silly mapToRegistry using default registry
23 silly mapToRegistry registry https://registry.npmjs.org/
24 silly mapToRegistry uri https://registry.npmjs.org/program.js
25 verbose request uri https://registry.npmjs.org/verify
26 verbose request no auth needed
27 info attempt registry request try #1 at 10:26:02 AM
28 verbose request id c78c57952a52b66d
29 http request GET https://registry.npmjs.org/verify
30 verbose request uri https://registry.npmjs.org/program.js
31 verbose request no auth needed
32 info attempt registry request try #1 at 10:26:02 AM
33 http request GET https://registry.npmjs.org/program.js
34 verbose request uri https://registry.npmjs.org/planetproto
35 verbose request no auth needed
36 info attempt registry request try #1 at 10:26:02 AM
37 verbose etag W/"59355804-5cc8"
38 verbose lastModified Mon, 05 Jun 2017 13:09:24 GMT
39 http request GET https://registry.npmjs.org/planetproto
40 http 304 https://registry.npmjs.org/planetproto
41 verbose headers { date: 'Mon, 28 Aug 2017 13:26:02 GMT',
41 verbose headers   via: '1.1 varnish',
41 verbose headers   'cache-control': 'max-age=300',
41 verbose headers   etag: 'W/"59355804-5cc8"',
41 verbose headers   age: '0',
41 verbose headers   connection: 'keep-alive',
41 verbose headers   'x-served-by': 'cache-gig17029-GIG',
41 verbose headers   'x-cache': 'MISS',
41 verbose headers   'x-cache-hits': '0',
41 verbose headers   'x-timer': 'S1503926762.483603,VS0,VE176',
41 verbose headers   vary: 'Accept-Encoding, Accept' }
42 silly get cb [ 304,
42 silly get   { date: 'Mon, 28 Aug 2017 13:26:02 GMT',
42 silly get     via: '1.1 varnish',
42 silly get     'cache-control': 'max-age=300',
42 silly get     etag: 'W/"59355804-5cc8"',
42 silly get     age: '0',
42 silly get     connection: 'keep-alive',
42 silly get     'x-served-by': 'cache-gig17029-GIG',
42 silly get     'x-cache': 'MISS',
42 silly get     'x-cache-hits': '0',
42 silly get     'x-timer': 'S1503926762.483603,VS0,VE176',
42 silly get     vary: 'Accept-Encoding, Accept' } ]
43 verbose etag https://registry.npmjs.org/planetproto from cache
44 verbose get saving planetproto to /home/laboratoria/.npm/registry.npmjs.org/planetproto/.cache.json
45 http 200 https://registry.npmjs.org/verify
46 verbose headers { server: 'nginx/1.10.1',
46 verbose headers   'content-type': 'application/json',
46 verbose headers   'last-modified': 'Mon, 01 Feb 2016 20:51:48 GMT',
46 verbose headers   etag: 'W/"56afc564-2734"',
46 verbose headers   'content-encoding': 'gzip',
46 verbose headers   'cache-control': 'max-age=300',
46 verbose headers   'content-length': '1790',
46 verbose headers   'accept-ranges': 'bytes',
46 verbose headers   date: 'Mon, 28 Aug 2017 13:26:02 GMT',
46 verbose headers   via: '1.1 varnish',
46 verbose headers   age: '0',
46 verbose headers   connection: 'keep-alive',
46 verbose headers   'x-served-by': 'cache-gig17024-GIG',
46 verbose headers   'x-cache': 'MISS',
46 verbose headers   'x-cache-hits': '0',
46 verbose headers   'x-timer': 'S1503926762.466952,VS0,VE192',
46 verbose headers   vary: 'Accept-Encoding, Accept' }
47 silly get cb [ 200,
47 silly get   { server: 'nginx/1.10.1',
47 silly get     'content-type': 'application/json',
47 silly get     'last-modified': 'Mon, 01 Feb 2016 20:51:48 GMT',
47 silly get     etag: 'W/"56afc564-2734"',
47 silly get     'content-encoding': 'gzip',
47 silly get     'cache-control': 'max-age=300',
47 silly get     'content-length': '1790',
47 silly get     'accept-ranges': 'bytes',
47 silly get     date: 'Mon, 28 Aug 2017 13:26:02 GMT',
47 silly get     via: '1.1 varnish',
47 silly get     age: '0',
47 silly get     connection: 'keep-alive',
47 silly get     'x-served-by': 'cache-gig17024-GIG',
47 silly get     'x-cache': 'MISS',
47 silly get     'x-cache-hits': '0',
47 silly get     'x-timer': 'S1503926762.466952,VS0,VE192',
47 silly get     vary: 'Accept-Encoding, Accept' } ]
48 verbose get saving verify to /home/laboratoria/.npm/registry.npmjs.org/verify/.cache.json
49 silly fetchPackageMetaData Error: No compatible version found: planetproto@latestplanetproto
49 silly fetchPackageMetaData Valid install targets:
49 silly fetchPackageMetaData 0.9.0, 0.8.0, 0.7.0, 0.6.1, 0.6.0, 0.5.4, 0.5.3, 0.5.2, 0.5.1, 0.5.0, 0.4.1, 0.4.0, 0.3.1, 0.3.0, 0.2.0, 0.0.1
49 silly fetchPackageMetaData
49 silly fetchPackageMetaData     at pickVersionFromRegistryDocument (/usr/share/npm/lib/fetch-package-metadata.js:156:16)
49 silly fetchPackageMetaData     at /usr/share/npm/node_modules/iferr/index.js:13:50
49 silly fetchPackageMetaData     at /usr/share/npm/lib/utils/pulse-till-done.js:19:8
49 silly fetchPackageMetaData     at saved (/usr/share/npm/lib/cache/caching-client.js:168:7)
49 silly fetchPackageMetaData     at /usr/share/npm/node_modules/graceful-fs/polyfills.js:210:7
49 silly fetchPackageMetaData     at FSReqWrap.oncomplete (fs.js:82:15)
49 silly fetchPackageMetaData  error for planetproto@latestplanetproto [Error: No compatible version found: planetproto@latestplanetproto
49 silly fetchPackageMetaData Valid install targets:
49 silly fetchPackageMetaData 0.9.0, 0.8.0, 0.7.0, 0.6.1, 0.6.0, 0.5.4, 0.5.3, 0.5.2, 0.5.1, 0.5.0, 0.4.1, 0.4.0, 0.3.1, 0.3.0, 0.2.0, 0.0.1
49 silly fetchPackageMetaData ]
50 http 404 https://registry.npmjs.org/program.js
51 verbose headers { 'content-type': 'application/json',
51 verbose headers   'cache-control': 'max-age=0',
51 verbose headers   'content-length': '2',
51 verbose headers   'accept-ranges': 'bytes',
51 verbose headers   date: 'Mon, 28 Aug 2017 13:26:03 GMT',
51 verbose headers   via: '1.1 varnish',
51 verbose headers   age: '0',
51 verbose headers   connection: 'keep-alive',
51 verbose headers   'x-served-by': 'cache-gig17022-GIG',
51 verbose headers   'x-cache': 'MISS',
51 verbose headers   'x-cache-hits': '0',
51 verbose headers   'x-timer': 'S1503926762.473051,VS0,VE717',
51 verbose headers   vary: 'Accept-Encoding' }
52 silly get cb [ 404,
52 silly get   { 'content-type': 'application/json',
52 silly get     'cache-control': 'max-age=0',
52 silly get     'content-length': '2',
52 silly get     'accept-ranges': 'bytes',
52 silly get     date: 'Mon, 28 Aug 2017 13:26:03 GMT',
52 silly get     via: '1.1 varnish',
52 silly get     age: '0',
52 silly get     connection: 'keep-alive',
52 silly get     'x-served-by': 'cache-gig17022-GIG',
52 silly get     'x-cache': 'MISS',
52 silly get     'x-cache-hits': '0',
52 silly get     'x-timer': 'S1503926762.473051,VS0,VE717',
52 silly get     vary: 'Accept-Encoding' } ]
53 silly fetchPackageMetaData Error: Registry returned 404 for GET on https://registry.npmjs.org/program.js
53 silly fetchPackageMetaData     at makeError (/usr/share/npm/node_modules/npm-registry-client/lib/request.js:264:12)
53 silly fetchPackageMetaData     at CachingRegistryClient.<anonymous> (/usr/share/npm/node_modules/npm-registry-client/lib/request.js:242:14)
53 silly fetchPackageMetaData     at Request._callback (/usr/share/npm/node_modules/npm-registry-client/lib/request.js:172:14)
53 silly fetchPackageMetaData     at Request.self.callback (/usr/share/npm/node_modules/request/request.js:198:22)
53 silly fetchPackageMetaData     at emitTwo (events.js:87:13)
53 silly fetchPackageMetaData     at Request.emit (events.js:172:7)
53 silly fetchPackageMetaData     at Request.<anonymous> (/usr/share/npm/node_modules/request/request.js:1082:10)
53 silly fetchPackageMetaData     at emitOne (events.js:82:20)
53 silly fetchPackageMetaData     at Request.emit (events.js:169:7)
53 silly fetchPackageMetaData     at IncomingMessage.<anonymous> (/usr/share/npm/node_modules/request/request.js:1009:12)
53 silly fetchPackageMetaData  error for program.js { [Error: Registry returned 404 for GET on https://registry.npmjs.org/program.js] pkgid: 'program.js', statusCode: 404, code: 'E404' }
54 silly rollbackFailedOptional Starting
55 silly rollbackFailedOptional Finishing
56 silly runTopLevelLifecycles Starting
57 silly runTopLevelLifecycles Finishing
58 silly install printInstalled
59 verbose stack Error: No compatible version found: planetproto@latestplanetproto
59 verbose stack Valid install targets:
59 verbose stack 0.9.0, 0.8.0, 0.7.0, 0.6.1, 0.6.0, 0.5.4, 0.5.3, 0.5.2, 0.5.1, 0.5.0, 0.4.1, 0.4.0, 0.3.1, 0.3.0, 0.2.0, 0.0.1
59 verbose stack
59 verbose stack     at pickVersionFromRegistryDocument (/usr/share/npm/lib/fetch-package-metadata.js:156:16)
59 verbose stack     at /usr/share/npm/node_modules/iferr/index.js:13:50
59 verbose stack     at /usr/share/npm/lib/utils/pulse-till-done.js:19:8
59 verbose stack     at saved (/usr/share/npm/lib/cache/caching-client.js:168:7)
59 verbose stack     at /usr/share/npm/node_modules/graceful-fs/polyfills.js:210:7
59 verbose stack     at FSReqWrap.oncomplete (fs.js:82:15)
60 verbose cwd /home/laboratoria/Desktop/paradigmas2.planetproto/brecabal
61 error Linux 4.8.0-59-generic
62 error argv "/usr/bin/nodejs" "/usr/bin/npm" "install" "-g" "planetproto@latestplanetproto" "verify" "program.js"
63 error node v4.2.6
64 error npm  v3.5.2
65 error No compatible version found: planetproto@latestplanetproto
65 error Valid install targets:
65 error 0.9.0, 0.8.0, 0.7.0, 0.6.1, 0.6.0, 0.5.4, 0.5.3, 0.5.2, 0.5.1, 0.5.0, 0.4.1, 0.4.0, 0.3.1, 0.3.0, 0.2.0, 0.0.1
66 error If you need help, you may report this error at:
66 error     <https://github.com/npm/npm/issues>
67 verbose exit [ 1, true ]
